<?xml version="1.0" encoding="UTF-8"?>
<testng-results skipped="0" failed="0" total="1" passed="1">
  <reporter-output>
  </reporter-output>
  <suite name="Default suite" duration-ms="71240" started-at="2016-08-21T17:28:42Z" finished-at="2016-08-21T17:29:53Z">
    <groups>
    </groups>
    <test name="Default test" duration-ms="71240" started-at="2016-08-21T17:28:42Z" finished-at="2016-08-21T17:29:53Z">
      <class name="com.AddItemToCart">
        <test-method status="PASS" signature="setup()[pri:0, instance:com.AddItemToCart@482f8f11]" name="setup" is-config="true" duration-ms="30380" started-at="2016-08-21T22:58:42Z" finished-at="2016-08-21T22:59:12Z">
          <reporter-output>
          </reporter-output>
        </test-method> <!-- setup -->
        <test-method status="PASS" signature="addItemToBag()[pri:0, instance:com.AddItemToCart@482f8f11]" name="addItemToBag" duration-ms="40216" started-at="2016-08-21T22:59:12Z" finished-at="2016-08-21T22:59:52Z">
          <reporter-output>
          </reporter-output>
        </test-method> <!-- addItemToBag -->
        <test-method status="PASS" signature="quit()[pri:0, instance:com.AddItemToCart@482f8f11]" name="quit" is-config="true" duration-ms="630" started-at="2016-08-21T22:59:52Z" finished-at="2016-08-21T22:59:53Z">
          <reporter-output>
          </reporter-output>
        </test-method> <!-- quit -->
      </class> <!-- com.AddItemToCart -->
    </test> <!-- Default test -->
  </suite> <!-- Default suite -->
</testng-results>
